[4/19/2011 9:20:48 AM] Item file, 'Example_ItemPool500.wgix' has been loaded.
[4/19/2011 9:20:48 AM] 500 items were loaded.
[4/19/2011 9:20:48 AM] Precalibrated item file, 'Example_PretestPool100.wgix' has been loaded.
[4/19/2011 9:20:48 AM] 500 precalibrated items were loaded.
[4/19/2011 9:20:48 AM] Syntax file, 'H:\khan\projects\simulCAT\examples\Example_syntax_I1E3V_wP.scs'  has been loaded.
[4/19/2011 9:20:51 AM] SEED value of 850418294732.823 was used.
[4/19/2011 9:20:54 AM] Day 1, time slot 1 (50 out of 1000) administered.
[4/19/2011 9:20:57 AM] Day 1, time slot 2 (100 out of 1000) administered.
[4/19/2011 9:21:01 AM] Day 2, time slot 3 (150 out of 1000) administered.
[4/19/2011 9:21:04 AM] Day 2, time slot 4 (200 out of 1000) administered.
[4/19/2011 9:21:07 AM] Day 3, time slot 5 (250 out of 1000) administered.
[4/19/2011 9:21:10 AM] Day 3, time slot 6 (300 out of 1000) administered.
[4/19/2011 9:21:13 AM] Day 4, time slot 7 (350 out of 1000) administered.
[4/19/2011 9:21:17 AM] Day 4, time slot 8 (400 out of 1000) administered.
[4/19/2011 9:21:20 AM] Day 5, time slot 9 (450 out of 1000) administered.
[4/19/2011 9:21:23 AM] Day 5, time slot 10 (500 out of 1000) administered.
[4/19/2011 9:21:26 AM] Day 6, time slot 11 (550 out of 1000) administered.
[4/19/2011 9:21:30 AM] Day 6, time slot 12 (600 out of 1000) administered.
[4/19/2011 9:21:33 AM] Day 7, time slot 13 (650 out of 1000) administered.
[4/19/2011 9:21:36 AM] Day 7, time slot 14 (700 out of 1000) administered.
[4/19/2011 9:21:39 AM] Day 8, time slot 15 (750 out of 1000) administered.
[4/19/2011 9:21:42 AM] Day 8, time slot 16 (800 out of 1000) administered.
[4/19/2011 9:21:45 AM] Day 9, time slot 17 (850 out of 1000) administered.
[4/19/2011 9:21:49 AM] Day 9, time slot 18 (900 out of 1000) administered.
[4/19/2011 9:21:52 AM] Day 10, time slot 19 (950 out of 1000) administered.
[4/19/2011 9:21:55 AM] Day 10, time slot 20 (1000 out of 1000) administered.
[4/19/2011 9:21:55 AM] Pretest item adaministration data for replication 1 has been saved.

