[7/13/2012 11:10:53 AM] Item file, 'C:\SkyDrive\VB\SimulCAT\simulCAT_manualNweb\examples\Example_ItemPool500.wgix' has been loaded.
[7/13/2012 11:10:53 AM] 500 items were loaded.
[7/13/2012 11:10:53 AM] Syntax file, 'C:\SkyDrive\VB\SimulCAT\simulCAT_manualNweb\examples\Example_syntax_I1E3V.scs'  has been loaded.
[7/13/2012 11:11:08 AM] Item file, 'C:\SkyDrive\VB\SimulCAT\simulCAT_manualNweb\examples\Example_ItemPool500.wgix' has been loaded.
[7/13/2012 11:11:08 AM] 500 items were loaded.
[7/13/2012 11:11:08 AM] Syntax file, 'C:\SkyDrive\VB\SimulCAT\simulCAT_manualNweb\examples\Example_syntax_I9E2F.scs'  has been loaded.
[7/13/2012 11:11:16 AM] Item file, 'C:\SkyDrive\VB\SimulCAT\simulCAT_manualNweb\examples\Example_ItemPool500.wgix' has been loaded.
[7/13/2012 11:11:16 AM] 500 items were loaded.
[7/13/2012 11:11:16 AM] Syntax file, 'C:\SkyDrive\VB\SimulCAT\simulCAT_manualNweb\examples\Example_syntax_I1E3V_rev.scs'  has been loaded.
[7/13/2012 11:11:31 AM] Item file, 'C:\SkyDrive\VB\SimulCAT\simulCAT_manualNweb\examples\Example_ItemPool500.wgix' has been loaded.
[7/13/2012 11:11:31 AM] 500 items were loaded.
[7/13/2012 11:11:31 AM] Precalibrated item file, 'C:\SkyDrive\VB\SimulCAT\simulCAT_manualNweb\examples\Example_PretestPool100.wgix' has been loaded.
[7/13/2012 11:11:31 AM] 500 precalibrated items were loaded.
[7/13/2012 11:11:31 AM] Syntax file, 'C:\SkyDrive\VB\SimulCAT\simulCAT_manualNweb\examples\Example_syntax_I1E3V_wP.scs'  has been loaded.
[7/13/2012 11:13:35 AM] Item file, 'C:\SkyDrive\VB\SimulCAT\simulCAT_manualNweb\examples\Example_ItemPool500.wgix' has been loaded.
[7/13/2012 11:13:35 AM] 500 items were loaded.
[7/13/2012 11:13:35 AM] Syntax file, 'C:\SkyDrive\VB\SimulCAT\simulCAT_manualNweb\examples\Example_syntax_I1E3V.scs'  has been loaded.
[7/13/2012 11:13:44 AM] Content script file has been loaded.[7/13/2012 11:13:44 AM] The script contained content informaton for 30 items.[7/13/2012 11:14:03 AM] SEED value of 954746088343 was used.
[7/13/2012 11:14:05 AM] Day 1, time slot 1 (50 out of 1000) administered.
[7/13/2012 11:14:07 AM] Day 1, time slot 2 (100 out of 1000) administered.
[7/13/2012 11:14:08 AM] Day 2, time slot 3 (150 out of 1000) administered.
[7/13/2012 11:14:10 AM] Day 2, time slot 4 (200 out of 1000) administered.
[7/13/2012 11:14:12 AM] Day 3, time slot 5 (250 out of 1000) administered.
[7/13/2012 11:14:14 AM] Day 3, time slot 6 (300 out of 1000) administered.
[7/13/2012 11:14:15 AM] Day 4, time slot 7 (350 out of 1000) administered.
[7/13/2012 11:14:17 AM] Day 4, time slot 8 (400 out of 1000) administered.
[7/13/2012 11:14:19 AM] Day 5, time slot 9 (450 out of 1000) administered.
[7/13/2012 11:14:21 AM] Day 5, time slot 10 (500 out of 1000) administered.
[7/13/2012 11:14:22 AM] Day 6, time slot 11 (550 out of 1000) administered.
[7/13/2012 11:14:24 AM] Day 6, time slot 12 (600 out of 1000) administered.
[7/13/2012 11:14:26 AM] Day 7, time slot 13 (650 out of 1000) administered.
[7/13/2012 11:14:27 AM] Day 7, time slot 14 (700 out of 1000) administered.
[7/13/2012 11:14:29 AM] Day 8, time slot 15 (750 out of 1000) administered.
[7/13/2012 11:14:31 AM] Day 8, time slot 16 (800 out of 1000) administered.
[7/13/2012 11:14:33 AM] Day 9, time slot 17 (850 out of 1000) administered.
[7/13/2012 11:14:35 AM] Day 9, time slot 18 (900 out of 1000) administered.
[7/13/2012 11:14:36 AM] Day 10, time slot 19 (950 out of 1000) administered.
[7/13/2012 11:14:38 AM] Day 10, time slot 20 (1000 out of 1000) administered.
[7/13/2012 11:14:38 AM] Log file has been saved (updated) (C:\SkyDrive\VB\SimulCAT\simulCAT_manualNweb\examples\Example_output_I1E3V.LOG).
[7/13/2012 11:14:38 AM] Item usage file has been saved (C:\SkyDrive\VB\SimulCAT\simulCAT_manualNweb\examples\Example_output_I1E3V.SCU).
[7/13/2012 11:14:38 AM] Simulation completed (C:\SkyDrive\VB\SimulCAT\simulCAT_manualNweb\examples\Example_output_I1E3V.SCA).
[7/13/2012 11:22:35 AM] SEED value of 1552936715 was used.
[7/13/2012 11:22:37 AM] Day 1, time slot 1 (50 out of 1000) administered.
[7/13/2012 11:22:38 AM] Day 1, time slot 2 (100 out of 1000) administered.
[7/13/2012 11:22:40 AM] Day 2, time slot 3 (150 out of 1000) administered.
[7/13/2012 11:22:42 AM] Day 2, time slot 4 (200 out of 1000) administered.
[7/13/2012 11:22:44 AM] Day 3, time slot 5 (250 out of 1000) administered.
[7/13/2012 11:22:46 AM] Day 3, time slot 6 (300 out of 1000) administered.
[7/13/2012 11:22:48 AM] Day 4, time slot 7 (350 out of 1000) administered.
[7/13/2012 11:22:50 AM] Day 4, time slot 8 (400 out of 1000) administered.
[7/13/2012 11:22:52 AM] Day 5, time slot 9 (450 out of 1000) administered.
[7/13/2012 11:22:54 AM] Day 5, time slot 10 (500 out of 1000) administered.
[7/13/2012 11:22:55 AM] Day 6, time slot 11 (550 out of 1000) administered.
[7/13/2012 11:22:57 AM] Day 6, time slot 12 (600 out of 1000) administered.
[7/13/2012 11:22:59 AM] Day 7, time slot 13 (650 out of 1000) administered.
[7/13/2012 11:23:00 AM] Day 7, time slot 14 (700 out of 1000) administered.
[7/13/2012 11:23:02 AM] Day 8, time slot 15 (750 out of 1000) administered.
[7/13/2012 11:23:04 AM] Day 8, time slot 16 (800 out of 1000) administered.
[7/13/2012 11:23:06 AM] Day 9, time slot 17 (850 out of 1000) administered.
[7/13/2012 11:23:07 AM] Day 9, time slot 18 (900 out of 1000) administered.
[7/13/2012 11:23:09 AM] Day 10, time slot 19 (950 out of 1000) administered.
[7/13/2012 11:23:11 AM] Day 10, time slot 20 (1000 out of 1000) administered.
[7/13/2012 11:23:11 AM] Log file has been saved (updated) (C:\SkyDrive\VB\SimulCAT\simulCAT_manualNweb\examples\Example_output_I1E3V.LOG).
[7/13/2012 11:23:11 AM] Item usage file has been saved (C:\SkyDrive\VB\SimulCAT\simulCAT_manualNweb\examples\Example_output_I1E3V.SCU).
[7/13/2012 11:23:11 AM] Simulation completed (C:\SkyDrive\VB\SimulCAT\simulCAT_manualNweb\examples\Example_output_I1E3V.SCA).
[7/13/2012 11:23:17 AM] SEED value of 133035677751 was used.
[7/13/2012 11:23:17 AM] Day 1, time slot 1 (50 out of 1000) administered.
[7/13/2012 11:23:18 AM] Day 1, time slot 2 (100 out of 1000) administered.
[7/13/2012 11:23:18 AM] Day 2, time slot 3 (150 out of 1000) administered.
[7/13/2012 11:23:19 AM] Day 2, time slot 4 (200 out of 1000) administered.
[7/13/2012 11:23:19 AM] Day 3, time slot 5 (250 out of 1000) administered.
[7/13/2012 11:23:19 AM] Day 3, time slot 6 (300 out of 1000) administered.
[7/13/2012 11:23:20 AM] Day 4, time slot 7 (350 out of 1000) administered.
[7/13/2012 11:23:20 AM] Day 4, time slot 8 (400 out of 1000) administered.
[7/13/2012 11:23:21 AM] Day 5, time slot 9 (450 out of 1000) administered.
[7/13/2012 11:23:21 AM] Day 5, time slot 10 (500 out of 1000) administered.
[7/13/2012 11:23:22 AM] Day 6, time slot 11 (550 out of 1000) administered.
[7/13/2012 11:23:22 AM] Day 6, time slot 12 (600 out of 1000) administered.
[7/13/2012 11:23:22 AM] Day 7, time slot 13 (650 out of 1000) administered.
[7/13/2012 11:23:23 AM] Day 7, time slot 14 (700 out of 1000) administered.
[7/13/2012 11:23:23 AM] Day 8, time slot 15 (750 out of 1000) administered.
[7/13/2012 11:23:24 AM] Day 8, time slot 16 (800 out of 1000) administered.
[7/13/2012 11:23:24 AM] Day 9, time slot 17 (850 out of 1000) administered.
[7/13/2012 11:23:24 AM] Day 9, time slot 18 (900 out of 1000) administered.
[7/13/2012 11:23:25 AM] Day 10, time slot 19 (950 out of 1000) administered.
[7/13/2012 11:23:25 AM] Day 10, time slot 20 (1000 out of 1000) administered.

